[Tue Oct 27 16:58:14 MDT 2020] - INFO passoff.ServerTest: 	Setting up Persistence Test...
[Tue Oct 27 16:58:14 MDT 2020] - INFO client.Proxy: 	Clear called
[Tue Oct 27 16:58:14 MDT 2020] - INFO client.Client: 	Post without Request Body called
[Tue Oct 27 16:58:14 MDT 2020] - INFO client.Client: 	Attempting to open connection to server
[Tue Oct 27 16:58:14 MDT 2020] - INFO client.Client: 	Connection opened to server
[Tue Oct 27 16:58:14 MDT 2020] - INFO client.Client: 	Setting passoffrequest method to POST
[Tue Oct 27 16:58:14 MDT 2020] - INFO client.Client: 	Request method set to POST
[Tue Oct 27 16:58:14 MDT 2020] - INFO client.Client: 	Setting Do Output to true
[Tue Oct 27 16:58:14 MDT 2020] - INFO client.Client: 	Do Output set to true
[Tue Oct 27 16:58:14 MDT 2020] - INFO client.Client: 	Connecting to server
[Tue Oct 27 16:58:14 MDT 2020] - INFO client.Client: 	Connected to server
[Tue Oct 27 16:58:14 MDT 2020] - INFO client.Client: 	Getting response code from server
[Tue Oct 27 16:58:14 MDT 2020] - INFO client.Client: 	Response code 200 returned
[Tue Oct 27 16:58:14 MDT 2020] - INFO client.Client: 	Getting input stream from server
[Tue Oct 27 16:58:14 MDT 2020] - INFO client.Client: 	Reading input stream into a string
[Tue Oct 27 16:58:14 MDT 2020] - INFO passoff.ServerTest: 	Running Persistence Test...
[Tue Oct 27 16:58:14 MDT 2020] - INFO client.Proxy: 	Load called
[Tue Oct 27 16:58:14 MDT 2020] - INFO client.Client: 	Post with Request Body called
[Tue Oct 27 16:58:14 MDT 2020] - INFO client.Client: 	Attempting to open connection to server
[Tue Oct 27 16:58:14 MDT 2020] - INFO client.Client: 	Connection opened to server
[Tue Oct 27 16:58:14 MDT 2020] - INFO client.Client: 	Setting passoffrequest method to POST
[Tue Oct 27 16:58:14 MDT 2020] - INFO client.Client: 	Request method set to POST
[Tue Oct 27 16:58:14 MDT 2020] - INFO client.Client: 	Setting Do Output to true
[Tue Oct 27 16:58:14 MDT 2020] - INFO client.Client: 	Do Output set to true
[Tue Oct 27 16:58:14 MDT 2020] - INFO client.Client: 	Connecting to server
[Tue Oct 27 16:58:14 MDT 2020] - INFO client.Client: 	Connected to server
[Tue Oct 27 16:58:14 MDT 2020] - INFO client.Client: 	Opening output stream to server
[Tue Oct 27 16:58:14 MDT 2020] - INFO client.Client: 	Writing passoffrequest to server output stream
[Tue Oct 27 16:58:14 MDT 2020] - INFO client.Client: 	Request written to server output stream
[Tue Oct 27 16:58:14 MDT 2020] - INFO client.Client: 	Closing output stream to server
[Tue Oct 27 16:58:14 MDT 2020] - INFO client.Client: 	Output stream to server closed
[Tue Oct 27 16:58:14 MDT 2020] - INFO client.Client: 	Getting response code from server
[Tue Oct 27 16:58:14 MDT 2020] - INFO client.Client: 	Response code 200 returned
[Tue Oct 27 16:58:14 MDT 2020] - INFO client.Client: 	Getting input stream from server
[Tue Oct 27 16:58:14 MDT 2020] - INFO client.Client: 	Reading input stream into a string
[Tue Oct 27 16:58:36 MDT 2020] - INFO client.Proxy: 	Login called
[Tue Oct 27 16:58:36 MDT 2020] - INFO client.Client: 	Post with Request Body called
[Tue Oct 27 16:58:36 MDT 2020] - INFO client.Client: 	Attempting to open connection to server
[Tue Oct 27 16:58:36 MDT 2020] - INFO client.Client: 	Connection opened to server
[Tue Oct 27 16:58:36 MDT 2020] - INFO client.Client: 	Setting passoffrequest method to POST
[Tue Oct 27 16:58:36 MDT 2020] - INFO client.Client: 	Request method set to POST
[Tue Oct 27 16:58:36 MDT 2020] - INFO client.Client: 	Setting Do Output to true
[Tue Oct 27 16:58:36 MDT 2020] - INFO client.Client: 	Do Output set to true
[Tue Oct 27 16:58:36 MDT 2020] - INFO client.Client: 	Connecting to server
[Tue Oct 27 16:58:36 MDT 2020] - INFO client.Client: 	Connected to server
[Tue Oct 27 16:58:36 MDT 2020] - INFO client.Client: 	Opening output stream to server
[Tue Oct 27 16:58:36 MDT 2020] - INFO client.Client: 	Writing passoffrequest to server output stream
[Tue Oct 27 16:58:36 MDT 2020] - INFO client.Client: 	Request written to server output stream
[Tue Oct 27 16:58:36 MDT 2020] - INFO client.Client: 	Closing output stream to server
[Tue Oct 27 16:58:36 MDT 2020] - INFO client.Client: 	Output stream to server closed
[Tue Oct 27 16:58:36 MDT 2020] - INFO client.Client: 	Getting response code from server
[Tue Oct 27 16:58:37 MDT 2020] - INFO client.Client: 	Response code 200 returned
[Tue Oct 27 16:58:37 MDT 2020] - INFO client.Client: 	Getting input stream from server
[Tue Oct 27 16:58:37 MDT 2020] - INFO client.Client: 	Reading input stream into a string
[Tue Oct 27 16:58:37 MDT 2020] - INFO client.Proxy: 	Events called
[Tue Oct 27 16:58:37 MDT 2020] - INFO client.Client: 	Get with Auth Token called
[Tue Oct 27 16:58:37 MDT 2020] - INFO client.Client: 	Attempting to open connection to server
[Tue Oct 27 16:58:37 MDT 2020] - INFO client.Client: 	Connection opened to server
[Tue Oct 27 16:58:37 MDT 2020] - INFO client.Client: 	Setting passoffrequest method to GET
[Tue Oct 27 16:58:37 MDT 2020] - INFO client.Client: 	Request method set to GET
[Tue Oct 27 16:58:37 MDT 2020] - INFO client.Client: 	Setting Do Output to false
[Tue Oct 27 16:58:37 MDT 2020] - INFO client.Client: 	Do Output set to false
[Tue Oct 27 16:58:37 MDT 2020] - INFO client.Client: 	Adding Auth token c76b9cce-8c01-4140-8d0a-76f67532dcc1
[Tue Oct 27 16:58:37 MDT 2020] - INFO client.Client: 	Auth token set to c76b9cce-8c01-4140-8d0a-76f67532dcc1
[Tue Oct 27 16:58:37 MDT 2020] - INFO client.Client: 	Connecting to server
[Tue Oct 27 16:58:37 MDT 2020] - INFO client.Client: 	Connected to server
[Tue Oct 27 16:58:37 MDT 2020] - INFO client.Client: 	Getting response code from server
[Tue Oct 27 16:58:37 MDT 2020] - INFO client.Client: 	Response code 200 returned
[Tue Oct 27 16:58:37 MDT 2020] - INFO client.Client: 	Getting input stream from server
[Tue Oct 27 16:58:37 MDT 2020] - INFO client.Client: 	Reading input stream into a string
[Tue Oct 27 16:58:37 MDT 2020] - INFO client.Proxy: 	Persons called
[Tue Oct 27 16:58:37 MDT 2020] - INFO client.Client: 	Get with Auth Token called
[Tue Oct 27 16:58:37 MDT 2020] - INFO client.Client: 	Attempting to open connection to server
[Tue Oct 27 16:58:37 MDT 2020] - INFO client.Client: 	Connection opened to server
[Tue Oct 27 16:58:37 MDT 2020] - INFO client.Client: 	Setting passoffrequest method to GET
[Tue Oct 27 16:58:37 MDT 2020] - INFO client.Client: 	Request method set to GET
[Tue Oct 27 16:58:37 MDT 2020] - INFO client.Client: 	Setting Do Output to false
[Tue Oct 27 16:58:37 MDT 2020] - INFO client.Client: 	Do Output set to false
[Tue Oct 27 16:58:37 MDT 2020] - INFO client.Client: 	Adding Auth token c76b9cce-8c01-4140-8d0a-76f67532dcc1
[Tue Oct 27 16:58:37 MDT 2020] - INFO client.Client: 	Auth token set to c76b9cce-8c01-4140-8d0a-76f67532dcc1
[Tue Oct 27 16:58:37 MDT 2020] - INFO client.Client: 	Connecting to server
[Tue Oct 27 16:58:37 MDT 2020] - INFO client.Client: 	Connected to server
[Tue Oct 27 16:58:37 MDT 2020] - INFO client.Client: 	Getting response code from server
[Tue Oct 27 16:58:37 MDT 2020] - INFO client.Client: 	Response code 200 returned
[Tue Oct 27 16:58:37 MDT 2020] - INFO client.Client: 	Getting input stream from server
[Tue Oct 27 16:58:37 MDT 2020] - INFO client.Client: 	Reading input stream into a string
[Tue Oct 27 16:58:37 MDT 2020] - INFO client.Proxy: 	Login called
[Tue Oct 27 16:58:37 MDT 2020] - INFO client.Client: 	Post with Request Body called
[Tue Oct 27 16:58:37 MDT 2020] - INFO client.Client: 	Attempting to open connection to server
[Tue Oct 27 16:58:37 MDT 2020] - INFO client.Client: 	Connection opened to server
[Tue Oct 27 16:58:37 MDT 2020] - INFO client.Client: 	Setting passoffrequest method to POST
[Tue Oct 27 16:58:37 MDT 2020] - INFO client.Client: 	Request method set to POST
[Tue Oct 27 16:58:37 MDT 2020] - INFO client.Client: 	Setting Do Output to true
[Tue Oct 27 16:58:37 MDT 2020] - INFO client.Client: 	Do Output set to true
[Tue Oct 27 16:58:37 MDT 2020] - INFO client.Client: 	Connecting to server
[Tue Oct 27 16:58:37 MDT 2020] - INFO client.Client: 	Connected to server
[Tue Oct 27 16:58:37 MDT 2020] - INFO client.Client: 	Opening output stream to server
[Tue Oct 27 16:58:37 MDT 2020] - INFO client.Client: 	Writing passoffrequest to server output stream
[Tue Oct 27 16:58:37 MDT 2020] - INFO client.Client: 	Request written to server output stream
[Tue Oct 27 16:58:37 MDT 2020] - INFO client.Client: 	Closing output stream to server
[Tue Oct 27 16:58:37 MDT 2020] - INFO client.Client: 	Output stream to server closed
[Tue Oct 27 16:58:37 MDT 2020] - INFO client.Client: 	Getting response code from server
[Tue Oct 27 16:58:37 MDT 2020] - INFO client.Client: 	Response code 200 returned
[Tue Oct 27 16:58:37 MDT 2020] - INFO client.Client: 	Getting input stream from server
[Tue Oct 27 16:58:37 MDT 2020] - INFO client.Client: 	Reading input stream into a string
[Tue Oct 27 16:58:37 MDT 2020] - INFO client.Proxy: 	Events called
[Tue Oct 27 16:58:37 MDT 2020] - INFO client.Client: 	Get with Auth Token called
[Tue Oct 27 16:58:37 MDT 2020] - INFO client.Client: 	Attempting to open connection to server
[Tue Oct 27 16:58:37 MDT 2020] - INFO client.Client: 	Connection opened to server
[Tue Oct 27 16:58:37 MDT 2020] - INFO client.Client: 	Setting passoffrequest method to GET
[Tue Oct 27 16:58:37 MDT 2020] - INFO client.Client: 	Request method set to GET
[Tue Oct 27 16:58:37 MDT 2020] - INFO client.Client: 	Setting Do Output to false
[Tue Oct 27 16:58:37 MDT 2020] - INFO client.Client: 	Do Output set to false
[Tue Oct 27 16:58:37 MDT 2020] - INFO client.Client: 	Adding Auth token 63360086-e48a-4736-99b1-c39f384c78d7
[Tue Oct 27 16:58:37 MDT 2020] - INFO client.Client: 	Auth token set to 63360086-e48a-4736-99b1-c39f384c78d7
[Tue Oct 27 16:58:37 MDT 2020] - INFO client.Client: 	Connecting to server
[Tue Oct 27 16:58:37 MDT 2020] - INFO client.Client: 	Connected to server
[Tue Oct 27 16:58:37 MDT 2020] - INFO client.Client: 	Getting response code from server
[Tue Oct 27 16:58:37 MDT 2020] - INFO client.Client: 	Response code 200 returned
[Tue Oct 27 16:58:37 MDT 2020] - INFO client.Client: 	Getting input stream from server
[Tue Oct 27 16:58:37 MDT 2020] - INFO client.Client: 	Reading input stream into a string
[Tue Oct 27 16:58:37 MDT 2020] - INFO client.Proxy: 	Persons called
[Tue Oct 27 16:58:37 MDT 2020] - INFO client.Client: 	Get with Auth Token called
[Tue Oct 27 16:58:37 MDT 2020] - INFO client.Client: 	Attempting to open connection to server
[Tue Oct 27 16:58:37 MDT 2020] - INFO client.Client: 	Connection opened to server
[Tue Oct 27 16:58:37 MDT 2020] - INFO client.Client: 	Setting passoffrequest method to GET
[Tue Oct 27 16:58:37 MDT 2020] - INFO client.Client: 	Request method set to GET
[Tue Oct 27 16:58:37 MDT 2020] - INFO client.Client: 	Setting Do Output to false
[Tue Oct 27 16:58:37 MDT 2020] - INFO client.Client: 	Do Output set to false
[Tue Oct 27 16:58:37 MDT 2020] - INFO client.Client: 	Adding Auth token 63360086-e48a-4736-99b1-c39f384c78d7
[Tue Oct 27 16:58:37 MDT 2020] - INFO client.Client: 	Auth token set to 63360086-e48a-4736-99b1-c39f384c78d7
[Tue Oct 27 16:58:37 MDT 2020] - INFO client.Client: 	Connecting to server
[Tue Oct 27 16:58:37 MDT 2020] - INFO client.Client: 	Connected to server
[Tue Oct 27 16:58:37 MDT 2020] - INFO client.Client: 	Getting response code from server
[Tue Oct 27 16:58:37 MDT 2020] - INFO client.Client: 	Response code 200 returned
[Tue Oct 27 16:58:37 MDT 2020] - INFO client.Client: 	Getting input stream from server
[Tue Oct 27 16:58:37 MDT 2020] - INFO client.Client: 	Reading input stream into a string
